C:\Program Files\Microsoft Visual Studio\2022\Enterprise\MSBuild\Microsoft\VC\v170\Microsoft.CppBuild.targets(531,5): warning MSB8028: The intermediate directory (x64\Release\) contains files shared from another project (Project43.vcxproj, SchoolDb.vcxproj).  This can lead to incorrect clean and rebuild behavior.
  Database.cpp
     Creating library C:\Users\mazen\source\repos\SchoolDatabase\x64\Release\SchoolDatabase.lib and object C:\Users\mazen\source\repos\SchoolDatabase\x64\Release\SchoolDatabase.exp
  Generating code
  Previous IPDB and IOBJ mismatch, fall back to full compilation.
  All 161 functions were compiled because no usable IPDB/IOBJ from previous compilation was found.
  Finished generating code
mysqlcppconn-static.lib(mysql_driver.obj) : warning LNK4099: PDB '' was not found with 'mysqlcppconn-static.lib(mysql_driver.obj)' or at ''; linking object as if no debug info
mysqlcppconn-static.lib(mysql_connection.obj) : warning LNK4099: PDB '' was not found with 'mysqlcppconn-static.lib(mysql_connection.obj)' or at ''; linking object as if no debug info
mysqlcppconn-static.lib(mysql_native_driver_wrapper.obj) : warning LNK4099: PDB '' was not found with 'mysqlcppconn-static.lib(mysql_native_driver_wrapper.obj)' or at ''; linking object as if no debug info
mysqlcppconn-static.lib(mysql_uri.obj) : warning LNK4099: PDB '' was not found with 'mysqlcppconn-static.lib(mysql_uri.obj)' or at ''; linking object as if no debug info
mysqlcppconn-static.lib(mysql_metadata.obj) : warning LNK4099: PDB '' was not found with 'mysqlcppconn-static.lib(mysql_metadata.obj)' or at ''; linking object as if no debug info
mysqlcppconn-static.lib(mysql_warning.obj) : warning LNK4099: PDB '' was not found with 'mysqlcppconn-static.lib(mysql_warning.obj)' or at ''; linking object as if no debug info
mysqlcppconn-static.lib(mysql_prepared_statement.obj) : warning LNK4099: PDB '' was not found with 'mysqlcppconn-static.lib(mysql_prepared_statement.obj)' or at ''; linking object as if no debug info
mysqlcppconn-static.lib(mysql_statement.obj) : warning LNK4099: PDB '' was not found with 'mysqlcppconn-static.lib(mysql_statement.obj)' or at ''; linking object as if no debug info
mysqlcppconn-static.lib(mysql_debug.obj) : warning LNK4099: PDB '' was not found with 'mysqlcppconn-static.lib(mysql_debug.obj)' or at ''; linking object as if no debug info
mysqlcppconn-static.lib(mysql_client_api.obj) : warning LNK4099: PDB '' was not found with 'mysqlcppconn-static.lib(mysql_client_api.obj)' or at ''; linking object as if no debug info
mysqlcppconn-static.lib(mysql_native_connection_wrapper.obj) : warning LNK4099: PDB '' was not found with 'mysqlcppconn-static.lib(mysql_native_connection_wrapper.obj)' or at ''; linking object as if no debug info
mysqlcppconn-static.lib(mysql_util.obj) : warning LNK4099: PDB '' was not found with 'mysqlcppconn-static.lib(mysql_util.obj)' or at ''; linking object as if no debug info
mysqlcppconn-static.lib(mysql_art_resultset.obj) : warning LNK4099: PDB '' was not found with 'mysqlcppconn-static.lib(mysql_art_resultset.obj)' or at ''; linking object as if no debug info
mysqlcppconn-static.lib(mysql_resultbind.obj) : warning LNK4099: PDB '' was not found with 'mysqlcppconn-static.lib(mysql_resultbind.obj)' or at ''; linking object as if no debug info
mysqlcppconn-static.lib(mysql_ps_resultset.obj) : warning LNK4099: PDB '' was not found with 'mysqlcppconn-static.lib(mysql_ps_resultset.obj)' or at ''; linking object as if no debug info
mysqlcppconn-static.lib(mysql_ps_resultset_metadata.obj) : warning LNK4099: PDB '' was not found with 'mysqlcppconn-static.lib(mysql_ps_resultset_metadata.obj)' or at ''; linking object as if no debug info
mysqlcppconn-static.lib(mysql_parameter_metadata.obj) : warning LNK4099: PDB '' was not found with 'mysqlcppconn-static.lib(mysql_parameter_metadata.obj)' or at ''; linking object as if no debug info
mysqlcppconn-static.lib(mysql_resultset.obj) : warning LNK4099: PDB '' was not found with 'mysqlcppconn-static.lib(mysql_resultset.obj)' or at ''; linking object as if no debug info
mysqlcppconn-static.lib(mysql_native_resultset_wrapper.obj) : warning LNK4099: PDB '' was not found with 'mysqlcppconn-static.lib(mysql_native_resultset_wrapper.obj)' or at ''; linking object as if no debug info
mysqlcppconn-static.lib(mysql_native_statement_wrapper.obj) : warning LNK4099: PDB '' was not found with 'mysqlcppconn-static.lib(mysql_native_statement_wrapper.obj)' or at ''; linking object as if no debug info
mysqlcppconn-static.lib(mysql_art_rset_metadata.obj) : warning LNK4099: PDB '' was not found with 'mysqlcppconn-static.lib(mysql_art_rset_metadata.obj)' or at ''; linking object as if no debug info
mysqlcppconn-static.lib(mysql_resultset_metadata.obj) : warning LNK4099: PDB '' was not found with 'mysqlcppconn-static.lib(mysql_resultset_metadata.obj)' or at ''; linking object as if no debug info
  Project43.vcxproj -> C:\Users\mazen\source\repos\SchoolDatabase\x64\Release\SchoolDatabase.exe
